GROUP,PACKAGE,CLASS,INSTRUCTION_MISSED,INSTRUCTION_COVERED,BRANCH_MISSED,BRANCH_COVERED,LINE_MISSED,LINE_COVERED,COMPLEXITY_MISSED,COMPLEXITY_COVERED,METHOD_MISSED,METHOD_COVERED
,uteq.edu.ec.artisync.controller.social,SorteoControlador,0,98,0,6,0,17,0,13,0,10
,uteq.edu.ec.artisync.controller.social,ResenaControlador,0,60,0,2,0,10,0,7,0,6
,uteq.edu.ec.artisync.controller.pedido,TicketRevisionControlador,0,28,0,0,0,5,0,3,0,3
,uteq.edu.ec.artisync.controller.pedido,FlujoTrabajoControlador,6,112,3,1,0,19,2,10,0,10
,uteq.edu.ec.artisync.controller.pedido,PedidoControlador,0,144,0,0,0,24,0,16,0,16
,uteq.edu.ec.artisync.audit,AspectoAuditoria,77,327,14,22,19,86,12,16,0,10
,uteq.edu.ec.artisync.audit,ContextoAuditoria,0,39,0,4,0,12,0,6,0,4
,uteq.edu.ec.artisync.audit,ResultadoAuditoria,0,21,0,0,0,4,0,1,0,1
,uteq.edu.ec.artisync.audit,SanitizadorAuditoria,15,167,7,25,5,33,7,16,0,7
,uteq.edu.ec.artisync.audit,ModuloAuditoria,0,51,0,0,0,9,0,1,0,1
,uteq.edu.ec.artisync.audit,DatosEventoAuditoria,0,48,0,0,0,1,0,1,0,1
,uteq.edu.ec.artisync.controller.perfil,VerificacionControlador,6,82,3,1,0,13,2,8,0,8
,uteq.edu.ec.artisync.controller.perfil,CertificadoIaControlador,27,10,0,0,5,2,4,1,4,1
,uteq.edu.ec.artisync.controller.perfil,PortafolioItemControlador,23,67,1,1,3,13,3,5,2,5
,uteq.edu.ec.artisync.controller.perfil,PerfilCreadorControlador,0,70,0,0,0,13,0,9,0,9
,uteq.edu.ec.artisync.controller.perfil,PortafolioControlador,0,60,0,0,0,10,0,7,0,7
,uteq.edu.ec.artisync.specification.legal,PagoGarantiaSpecification,91,7,12,0,15,1,8,1,2,1
,uteq.edu.ec.artisync.specification.seguridad,UsuarioSpecification,0,126,2,8,0,18,2,5,0,2
,uteq.edu.ec.artisync.service.shared.imagen,PreprocesadorImagenIa,42,212,3,21,10,51,3,16,0,7
,uteq.edu.ec.artisync.controller.auditoria,AuditoriaControlador,0,29,0,0,0,5,0,4,0,4
,uteq.edu.ec.artisync.security,AuthConfig,0,25,0,0,0,4,0,2,0,2
,uteq.edu.ec.artisync.security,CustomUserDetailsService,0,73,0,2,0,14,0,3,0,2
,uteq.edu.ec.artisync.security,JwtService,44,334,16,24,10,84,19,16,4,11
,uteq.edu.ec.artisync.security,CustomAuthenticationEntryPoint,13,80,2,2,3,18,2,3,0,3
,uteq.edu.ec.artisync.security,JwtAuthenticationFilter,33,129,5,13,10,33,5,6,0,2
,uteq.edu.ec.artisync.security,AuthRateLimitFilter,0,222,2,16,0,51,2,12,0,5
,uteq.edu.ec.artisync.security,ClientIpResolver,0,3,0,0,0,1,0,1,0,1
,uteq.edu.ec.artisync.security,CustomUserDetails,0,13,0,0,0,3,0,1,0,1
,uteq.edu.ec.artisync.security,AuthRateLimitFilter.Politica,0,18,0,0,0,1,0,1,0,1
,uteq.edu.ec.artisync.service.catalogo.impl,ServicioCatalogoServicioImpl,146,945,33,71,20,217,39,48,10,25
,uteq.edu.ec.artisync.service.catalogo.impl,EtiquetaServicioImpl,0,88,0,4,0,23,0,8,0,6
,uteq.edu.ec.artisync.service.catalogo.impl,CategoriaServicioImpl,18,349,5,29,3,82,5,29,0,17
,uteq.edu.ec.artisync.service.shared.almacenamiento,PoliticaArchivo,16,104,4,6,2,18,4,5,0,4
,uteq.edu.ec.artisync.service.shared.almacenamiento,PrefijoAlmacenamiento,0,24,1,5,0,6,1,3,0,1
,uteq.edu.ec.artisync.service.shared.almacenamiento,AlmacenamientoAzure,190,64,10,10,55,17,12,7,6,3
,uteq.edu.ec.artisync.service.shared.almacenamiento,ExtensionesArchivo,4,257,2,6,2,45,2,5,0,3
,uteq.edu.ec.artisync.service.shared.almacenamiento,AlmacenamientoLocal,26,114,0,2,6,31,0,10,0,9
,uteq.edu.ec.artisync.service.shared.almacenamiento,UrlFotoPerfil,6,4,3,1,1,2,2,1,0,1
,uteq.edu.ec.artisync.controller.comunicacion,BriefingControlador,0,62,0,0,0,12,0,7,0,7
,uteq.edu.ec.artisync.controller.comunicacion,ComentarioPortafolioControlador,0,48,0,0,0,9,0,5,0,5
,uteq.edu.ec.artisync.controller.comunicacion,NotificacionControlador,0,41,0,0,0,8,0,4,0,4
,uteq.edu.ec.artisync.controller.comunicacion,AdminInfraccionControlador,19,0,0,0,3,0,3,0,3,0
,uteq.edu.ec.artisync.controller.comunicacion,SeguidorControlador,0,57,0,2,0,8,0,7,0,6
,uteq.edu.ec.artisync.controller.comunicacion,ChatControlador,0,57,0,2,0,11,0,6,0,5
,uteq.edu.ec.artisync.controller.comunicacion,LikePortafolioControlador,0,32,0,2,0,5,0,4,0,3
,uteq.edu.ec.artisync.controller.comunicacion,AdminComentarioControlador,27,0,0,0,5,0,4,0,4,0
,uteq.edu.ec.artisync.config,WebSocketConfig,0,56,0,0,0,10,0,3,0,3
,uteq.edu.ec.artisync.config,OpenApiConfig,0,3,0,0,0,1,0,1,0,1
,uteq.edu.ec.artisync.config,PayPalConfig,21,3,2,0,7,1,6,1,5,1
,uteq.edu.ec.artisync.config,WebSocketAuthInterceptor,16,290,5,29,6,71,5,20,0,8
,uteq.edu.ec.artisync.config,IaConfig,0,35,0,0,0,8,0,2,0,2
,uteq.edu.ec.artisync.config,RedisConfig,0,48,0,0,0,15,0,3,0,3
,uteq.edu.ec.artisync.config,SecurityConfig,0,322,0,0,0,44,0,12,0,12
,uteq.edu.ec.artisync.config,TlsMedicionConfig,68,0,0,0,18,0,3,0,3,0
,uteq.edu.ec.artisync.validation,BirthDateValidator,68,0,10,0,17,0,9,0,4,0
,uteq.edu.ec.artisync.service.seguridad.impl,TwoFactorServiceImpl,124,254,12,16,22,52,17,10,7,6
,uteq.edu.ec.artisync.service.seguridad.impl,RolePermissionServiceImpl,36,326,9,17,3,83,11,20,3,15
,uteq.edu.ec.artisync.service.seguridad.impl,UserServiceImpl,64,182,8,8,13,34,9,12,3,10
,uteq.edu.ec.artisync.service.seguridad.impl,AuthServiceImpl,43,816,10,36,7,200,11,36,2,22
,uteq.edu.ec.artisync.service.seguridad.impl,AdminUserServiceImpl,182,394,25,29,38,83,21,28,5,17
,uteq.edu.ec.artisync.service.seguridad.impl,PaisServiceImpl,41,172,3,7,6,37,5,12,3,9
,uteq.edu.ec.artisync.service.shared.reporte,TipoColumna,0,45,0,0,0,8,0,1,0,1
,uteq.edu.ec.artisync.service.shared.reporte,FormatoReporte,0,53,0,0,0,12,0,5,0,5
,uteq.edu.ec.artisync.service.shared.reporte,ColumnaReporte,32,47,0,0,4,5,4,5,4,5
,uteq.edu.ec.artisync.service.shared.reporte,TotalReporte,0,12,0,0,0,1,0,1,0,1
,uteq.edu.ec.artisync.service.shared.reporte,FormateadorValores,31,54,9,6,3,14,7,6,0,4
,uteq.edu.ec.artisync.service.shared.reporte,DocumentoGenerado,0,12,0,0,0,1,0,1,0,1
,uteq.edu.ec.artisync.service.shared,ContextoSolicitud.Datos,0,15,0,0,0,1,0,1,0,1
,uteq.edu.ec.artisync.service.shared,PreAuth2faTicketService.DatosTicket,0,9,0,0,0,1,0,1,0,1
,uteq.edu.ec.artisync.service.shared,ActorAutenticado,2,29,2,2,1,4,2,2,0,2
,uteq.edu.ec.artisync.service.shared,UsuarioMapper,0,188,0,8,0,44,0,14,0,10
,uteq.edu.ec.artisync.service.shared,ContextoSolicitud,16,16,1,1,6,4,1,2,0,2
,uteq.edu.ec.artisync.service.shared,IntentosAutenticacionService,95,4,8,0,24,1,8,1,4,1
,uteq.edu.ec.artisync.service.shared,EmailService,65,4,0,0,16,1,1,1,1,1
,uteq.edu.ec.artisync.service.shared,SessionRevocationService,4,158,3,13,1,38,3,12,0,7
,uteq.edu.ec.artisync.service.shared,PreAuth2faTicketService,15,163,2,8,5,38,2,9,0,6
,uteq.edu.ec.artisync.service.shared,ActorAutenticado.Actor,0,9,0,0,0,1,0,1,0,1
,uteq.edu.ec.artisync.service.shared,StoredProcedureExceptionTranslator,2,65,1,11,1,18,1,9,0,3
,uteq.edu.ec.artisync.controller.seguridad,UserController,0,96,0,2,0,17,0,8,0,7
,uteq.edu.ec.artisync.controller.seguridad,RolePermissionController,26,30,0,0,4,5,3,4,3,4
,uteq.edu.ec.artisync.controller.seguridad,TwoFactorController,25,0,0,0,3,0,3,0,3,0
,uteq.edu.ec.artisync.controller.seguridad,AdminUserController,50,49,1,1,6,7,6,4,5,4
,uteq.edu.ec.artisync.controller.seguridad,AuthController,0,171,0,16,0,46,0,20,0,12
,uteq.edu.ec.artisync.controller.seguridad,PaisController,18,19,0,0,3,3,3,3,3,3
,uteq.edu.ec.artisync.controller.seguridad,PermissionController,32,3,6,0,8,1,5,1,2,1
,uteq.edu.ec.artisync.exception,ExcepcionReglaNegocio,0,4,0,0,0,2,0,1,0,1
,uteq.edu.ec.artisync.exception,ExcepcionRecursoNoEncontrado,0,4,0,0,0,2,0,1,0,1
,uteq.edu.ec.artisync.exception,ExcepcionServicioIaNoDisponible,0,17,0,0,0,6,0,3,0,3
,uteq.edu.ec.artisync.exception,ExcepcionRecursoDuplicado,0,4,0,0,0,2,0,1,0,1
,uteq.edu.ec.artisync.exception,ExcepcionCuotaExcedida,10,0,0,0,4,0,2,0,2,0
,uteq.edu.ec.artisync.exception,ManejadorGlobalExcepciones,205,61,4,0,42,14,12,5,10,5
,uteq.edu.ec.artisync.dto.peticion.perfil,PeticionCrearPortafolioItem,0,9,0,0,0,1,0,1,0,1
,uteq.edu.ec.artisync.dto.peticion.perfil,PeticionCrearPerfil,0,15,0,0,0,1,0,1,0,1
,uteq.edu.ec.artisync.dto.peticion.perfil,PeticionActualizarPerfil,0,12,0,0,0,1,0,1,0,1
,uteq.edu.ec.artisync.dto.peticion.perfil,PeticionCrearPortafolio,0,12,0,0,0,1,0,1,0,1
,uteq.edu.ec.artisync.dto.peticion.perfil,PeticionCrearCertificadoIa,0,15,0,0,0,1,0,1,0,1
,uteq.edu.ec.artisync.dto.peticion.perfil,PeticionActualizarPortafolio,0,9,0,0,0,1,0,1,0,1
,uteq.edu.ec.artisync.dto.peticion.perfil,PeticionDecisionVerificacion,0,9,0,0,0,1,0,1,0,1
,uteq.edu.ec.artisync.service.legal.impl,ContratoServicioImpl,17,594,5,37,3,133,5,34,0,18
,uteq.edu.ec.artisync.service.legal.impl,PagoGarantiaAuditoriaServicioImpl,0,193,0,0,0,52,0,6,0,6
,uteq.edu.ec.artisync.service.legal.impl,ReporteFinancieroServicioImpl,23,282,5,15,4,63,5,13,0,8
,uteq.edu.ec.artisync.service.legal.impl,ReporteContratoServicioImpl,191,4,12,0,46,1,10,1,4,1
,uteq.edu.ec.artisync.service.legal.impl,PagoServicioImpl,70,654,17,40,25,142,16,28,0,15
,uteq.edu.ec.artisync.service.legal.impl,EntregableServicioImpl,49,471,9,31,2,110,17,21,8,10
,uteq.edu.ec.artisync.service.legal.impl,PdfGeneracionServicioImpl,10,55,4,0,1,13,3,2,1,2
,uteq.edu.ec.artisync.specification.catalogo,ServicioSpecification,162,9,20,0,27,1,12,1,2,1
,uteq.edu.ec.artisync.dto.respuesta.legal,RespuestaReporteComisiones,0,33,0,0,0,1,0,1,0,1
,uteq.edu.ec.artisync.dto.respuesta.legal,FilaReporteContrato,33,0,0,0,1,0,1,0,1,0
,uteq.edu.ec.artisync.dto.respuesta.legal,DetalleComision,0,21,0,0,0,1,0,1,0,1
,uteq.edu.ec.artisync.dto.respuesta.legal,RespuestaResumenEscrow,0,12,0,0,0,1,0,1,0,1
,uteq.edu.ec.artisync.dto.respuesta.legal,RespuestaTransaccionPago,0,15,0,0,0,1,0,1,0,1
,uteq.edu.ec.artisync.dto.respuesta.legal,RespuestaPagoGarantiaDetalle,0,45,0,0,0,1,0,1,0,1
,uteq.edu.ec.artisync.dto.respuesta.legal,RespuestaPagoGarantia,0,39,0,0,0,1,0,1,0,1
,uteq.edu.ec.artisync.service.shared.ia,GeminiIaService,456,281,13,11,76,51,24,7,12,7
,uteq.edu.ec.artisync.service.shared.ia,AbstractIaService,60,182,13,31,15,40,12,19,0,9
,uteq.edu.ec.artisync.service.shared.ia,MockIaService,63,51,4,0,13,22,6,4,4,4
,uteq.edu.ec.artisync.service.shared.ia,NvidiaIaService,404,376,13,13,67,70,22,10,10,9
,uteq.edu.ec.artisync.scheduler,SorteoEjecutorServicio,109,4,10,0,21,1,7,1,2,1
,uteq.edu.ec.artisync.scheduler,VerificacionScheduler,0,63,0,4,0,15,0,4,0,2
,uteq.edu.ec.artisync.scheduler,VerificacionExpiracionServicio,14,0,0,0,4,0,1,0,1,0
,uteq.edu.ec.artisync.scheduler,SorteoScheduler,43,14,3,1,9,5,2,2,0,2
,uteq.edu.ec.artisync.scheduler,SeguridadPurgaScheduler,0,33,0,0,0,8,0,2,0,2
,uteq.edu.ec.artisync.scheduler,NotificacionesPurgaScheduler,0,40,0,0,0,9,0,2,0,2
,uteq.edu.ec.artisync.service.comunicacion.impl,BriefingServiceImpl,312,253,18,10,61,73,26,14,14,12
,uteq.edu.ec.artisync.service.comunicacion.impl,InfraccionServiceImpl,58,155,2,4,9,34,6,7,4,6
,uteq.edu.ec.artisync.service.comunicacion.impl,ComentarioPortafolioServiceImpl,6,262,4,24,0,60,5,24,1,14
,uteq.edu.ec.artisync.service.comunicacion.impl,NotificacionServiceImpl,61,110,0,0,13,29,6,5,6,5
,uteq.edu.ec.artisync.service.comunicacion.impl,LikePortafolioServiceImpl,124,4,6,0,28,1,11,1,8,1
,uteq.edu.ec.artisync.service.comunicacion.impl,MensajeFilterServiceImpl,2,52,2,14,1,13,2,10,0,4
,uteq.edu.ec.artisync.service.comunicacion.impl,SeguidorServicioImpl,164,125,11,7,39,31,16,5,8,4
,uteq.edu.ec.artisync.service.comunicacion.impl,ChatServiceImpl,20,340,1,13,0,82,4,18,3,12
,uteq.edu.ec.artisync.controller.legal,ReporteContratoControlador,0,19,0,0,0,3,0,2,0,2
,uteq.edu.ec.artisync.controller.legal,PagoControlador,17,0,0,0,2,0,2,0,2,0
,uteq.edu.ec.artisync.controller.legal,EntregableControlador,0,73,0,0,0,15,0,6,0,6
,uteq.edu.ec.artisync.controller.legal,ReporteFinancieroControlador,0,17,0,0,0,3,0,2,0,2
,uteq.edu.ec.artisync.controller.legal,PayPalWebhookControlador,17,4,0,0,3,1,1,1,1,1
,uteq.edu.ec.artisync.controller.legal,ContratoControlador,0,73,0,0,0,12,0,6,0,6
,uteq.edu.ec.artisync.controller.legal,PagoGarantiaAuditoriaControlador,18,0,0,0,3,0,3,0,3,0
,uteq.edu.ec.artisync.specification.auditoria,EventoAuditoriaSpecification,125,10,26,0,20,1,15,1,2,1
,uteq.edu.ec.artisync.service.shared.reporte.impl,GeneradorXlsx,42,522,11,21,11,114,10,19,0,11
,uteq.edu.ec.artisync.service.shared.reporte.impl,GeneradorPdf.TotalConTexto,0,9,0,0,0,1,0,1,0,1
,uteq.edu.ec.artisync.service.shared.reporte.impl,GeneradorCsv,0,101,0,10,0,20,0,8,0,3
,uteq.edu.ec.artisync.service.shared.reporte.impl,ServicioExportacionImpl,2,174,1,11,1,32,1,9,0,4
,uteq.edu.ec.artisync.service.shared.reporte.impl,GeneradorPdf,8,167,0,4,3,31,0,7,0,5
,uteq.edu.ec.artisync.entity.perfil,TipoDocumentoVerificacion,0,15,0,0,0,3,0,1,0,1
,uteq.edu.ec.artisync.controller.catalogo,CategoriaControlador,12,35,0,0,2,6,2,5,2,5
,uteq.edu.ec.artisync.controller.catalogo,ServicioControlador,0,73,0,0,0,13,0,9,0,9
,uteq.edu.ec.artisync.controller.catalogo,CatalogoControlador,14,0,0,0,1,0,1,0,1,0
,uteq.edu.ec.artisync.controller.catalogo,CreadorServicioControlador,7,0,0,0,1,0,1,0,1,0
,uteq.edu.ec.artisync.controller.catalogo,SubcategoriaControlador,23,0,0,0,4,0,3,0,3,0
,uteq.edu.ec.artisync.controller.catalogo,EtiquetaControlador,29,0,0,0,5,0,4,0,4,0
,uteq.edu.ec.artisync,ArtisyncApplication,5,7,0,0,2,2,1,2,1,2
,uteq.edu.ec.artisync.dto.respuesta.comun,RespuestaMensaje,3,9,0,0,1,2,1,2,1,2
,uteq.edu.ec.artisync.service.pedido.impl,PedidoServicioImpl,185,1246,17,61,25,298,26,61,11,37
,uteq.edu.ec.artisync.service.pedido.impl,FlujoTrabajoServicioImpl,56,614,5,43,9,135,11,35,6,16
,uteq.edu.ec.artisync.service.pedido.impl,TicketRevisionServicioImpl,6,255,4,16,0,55,3,18,0,11
,uteq.edu.ec.artisync.dto.respuesta.perfil,RespuestaCertificadoIa,0,24,0,0,0,1,0,1,0,1
,uteq.edu.ec.artisync.dto.respuesta.perfil,RespuestaEstadoIdentidad,0,9,0,0,0,1,0,1,0,1
,uteq.edu.ec.artisync.dto.respuesta.perfil,RespuestaVerificacion,0,42,0,0,0,1,0,1,0,1
,uteq.edu.ec.artisync.dto.respuesta.perfil,RespuestaPerfil,0,30,0,0,0,1,0,1,0,1
,uteq.edu.ec.artisync.dto.respuesta.perfil,RespuestaPortafolio,0,21,0,0,0,1,0,1,0,1
,uteq.edu.ec.artisync.dto.respuesta.perfil,RespuestaPortafolioItem,0,21,0,0,0,1,0,1,0,1
,uteq.edu.ec.artisync.dto.respuesta.perfil,RespuestaColaVerificacion,0,27,0,0,0,1,0,1,0,1
,uteq.edu.ec.artisync.service.legal,IEntregableServicio.ArchivoDescargado,0,12,0,0,0,1,0,1,0,1
,uteq.edu.ec.artisync.service.perfil.impl,PerfilCreadorServicioImpl,21,262,6,24,3,56,8,21,2,12
,uteq.edu.ec.artisync.service.perfil.impl,PortafolioServicioImpl,17,285,3,19,5,57,3,23,0,15
,uteq.edu.ec.artisync.service.perfil.impl,VerificacionServicioImpl,102,461,8,26,21,107,11,26,3,17
,uteq.edu.ec.artisync.service.perfil.impl,CertificadoIaServicioImpl,3,154,3,5,0,34,3,10,0,9
,uteq.edu.ec.artisync.service.perfil.impl,PortafolioItemServicioImpl,17,315,4,14,1,83,6,19,2,14
,uteq.edu.ec.artisync.util,PagedResponse,3,0,0,0,1,0,1,0,1,0
,uteq.edu.ec.artisync.util,CsvUtil,0,36,3,9,0,7,3,4,0,1
,uteq.edu.ec.artisync.util,PagedResponseBuilder,24,53,0,0,9,20,2,2,2,2
,uteq.edu.ec.artisync.util,ValidadorPertenenciaPedido,0,47,1,9,0,10,1,6,0,2
,uteq.edu.ec.artisync.util,RespuestaDocumento,0,22,0,0,0,5,0,1,0,1
,uteq.edu.ec.artisync.service.social.impl,ResenaServiceImpl,16,245,0,12,0,55,3,16,3,10
,uteq.edu.ec.artisync.service.social.impl,SorteoServiceImpl,36,631,17,45,3,149,17,37,2,21
,uteq.edu.ec.artisync.service.perfil,IPortafolioItemServicio.ArchivoItem,0,12,0,0,0,1,0,1,0,1
,uteq.edu.ec.artisync.service.auditoria.impl,AuditoriaServicioImpl,57,350,7,9,7,101,9,13,2,12
,uteq.edu.ec.artisync.repository.legal,ContratoRepositoryImpl,334,0,14,0,51,0,10,0,3,0
