GROUP,PACKAGE,CLASS,INSTRUCTION_MISSED,INSTRUCTION_COVERED,BRANCH_MISSED,BRANCH_COVERED,LINE_MISSED,LINE_COVERED,COMPLEXITY_MISSED,COMPLEXITY_COVERED,METHOD_MISSED,METHOD_COVERED
,uteq.edu.ec.artisync.controller.social,SorteoControlador,0,98,0,6,0,17,0,13,0,10
,uteq.edu.ec.artisync.controller.social,ResenaControlador,0,60,0,2,0,10,0,7,0,6
,uteq.edu.ec.artisync.controller.pedido,TicketRevisionControlador,0,28,0,0,0,5,0,3,0,3
,uteq.edu.ec.artisync.controller.pedido,FlujoTrabajoControlador,6,112,3,1,0,19,2,10,0,10
,uteq.edu.ec.artisync.controller.pedido,PedidoControlador,0,144,0,0,0,24,0,16,0,16
,uteq.edu.ec.artisync.audit,AspectoAuditoria,77,327,14,22,19,86,12,16,0,10
,uteq.edu.ec.artisync.audit,ContextoAuditoria,0,39,0,4,0,12,0,6,0,4
,uteq.edu.ec.artisync.audit,ResultadoAuditoria,0,21,0,0,0,4,0,1,0,1
,uteq.edu.ec.artisync.audit,SanitizadorAuditoria,15,167,7,25,5,33,7,16,0,7
,uteq.edu.ec.artisync.audit,ModuloAuditoria,0,51,0,0,0,9,0,1,0,1
,uteq.edu.ec.artisync.audit,DatosEventoAuditoria,0,48,0,0,0,1,0,1,0,1
,uteq.edu.ec.artisync.controller.perfil,VerificacionControlador,6,82,3,1,0,13,2,8,0,8
,uteq.edu.ec.artisync.controller.perfil,DatosPagoControlador,0,15,0,0,0,2,0,2,0,2
,uteq.edu.ec.artisync.controller.perfil,CertificadoIaControlador,27,10,0,0,5,2,4,1,4,1
,uteq.edu.ec.artisync.controller.perfil,PortafolioItemControlador,9,81,0,2,1,15,1,7,1,6
,uteq.edu.ec.artisync.controller.perfil,PerfilCreadorControlador,0,70,0,0,0,13,0,9,0,9
,uteq.edu.ec.artisync.controller.perfil,PortafolioControlador,0,60,0,0,0,10,0,7,0,7
,uteq.edu.ec.artisync.specification.legal,PagoGarantiaSpecification,91,7,12,0,15,1,8,1,2,1
,uteq.edu.ec.artisync.specification.legal,SolicitudRetiroSpecification,70,0,10,0,12,0,8,0,3,0
,uteq.edu.ec.artisync.specification.seguridad,UsuarioSpecification,0,126,2,8,0,18,2,5,0,2
,uteq.edu.ec.artisync.service.shared.imagen,PreprocesadorImagenIa,42,212,3,21,10,51,3,16,0,7
,uteq.edu.ec.artisync.controller.auditoria,AuditoriaControlador,10,41,2,2,1,7,2,5,0,5
,uteq.edu.ec.artisync.service.respaldo.impl,IncrementalRespaldoExportador.FlujoSinCierre,23,0,0,0,10,0,5,0,5,0
,uteq.edu.ec.artisync.service.respaldo.impl,RespaldoProgramacionServicioImpl,192,0,2,0,51,0,11,0,10,0
,uteq.edu.ec.artisync.service.respaldo.impl,RespaldoServicioImpl,12,186,0,14,4,42,0,16,0,9
,uteq.edu.ec.artisync.service.respaldo.impl,IncrementalRespaldoExportador.ManifiestoTabla,12,0,0,0,1,0,1,0,1,0
,uteq.edu.ec.artisync.service.respaldo.impl,IncrementalRespaldoExportador.ManifiestoIncremental,15,0,0,0,1,0,1,0,1,0
,uteq.edu.ec.artisync.service.respaldo.impl,PgDumpEjecutor,140,7,6,0,24,2,4,1,1,1
,uteq.edu.ec.artisync.service.respaldo.impl,IncrementalRespaldoExportador,152,7,8,0,26,2,6,1,2,1
,uteq.edu.ec.artisync.service.respaldo.impl,RespaldoArchivoStorage,20,0,0,0,5,0,2,0,2,0
,uteq.edu.ec.artisync.security,AuthConfig,0,25,0,0,0,4,0,2,0,2
,uteq.edu.ec.artisync.security,CustomUserDetailsService,0,73,0,2,0,14,0,3,0,2
,uteq.edu.ec.artisync.security,JwtService,8,370,9,31,0,94,9,26,0,15
,uteq.edu.ec.artisync.security,CustomAuthenticationEntryPoint,13,80,2,2,3,18,2,3,0,3
,uteq.edu.ec.artisync.security,JwtAuthenticationFilter,33,129,5,13,10,33,5,6,0,2
,uteq.edu.ec.artisync.security,AuthRateLimitFilter,0,222,2,16,0,51,2,12,0,5
,uteq.edu.ec.artisync.security,ClientIpResolver,0,3,0,0,0,1,0,1,0,1
,uteq.edu.ec.artisync.security,CustomUserDetails,0,13,0,0,0,3,0,1,0,1
,uteq.edu.ec.artisync.security,AuthRateLimitFilter.Politica,0,18,0,0,0,1,0,1,0,1
,uteq.edu.ec.artisync.service.catalogo.impl,ServicioCatalogoServicioImpl,261,1236,35,109,38,290,43,77,13,35
,uteq.edu.ec.artisync.service.catalogo.impl,EtiquetaServicioImpl,0,88,0,4,0,23,0,8,0,6
,uteq.edu.ec.artisync.service.catalogo.impl,CategoriaServicioImpl,64,483,6,46,11,107,11,40,5,20
,uteq.edu.ec.artisync.service.shared.almacenamiento,PoliticaArchivo,16,104,4,6,2,18,4,5,0,4
,uteq.edu.ec.artisync.service.shared.almacenamiento,PrefijoAlmacenamiento,0,24,1,5,0,6,1,3,0,1
,uteq.edu.ec.artisync.service.shared.almacenamiento,AlmacenamientoAzure,190,64,10,10,55,17,12,7,6,3
,uteq.edu.ec.artisync.service.shared.almacenamiento,ExtensionesArchivo,4,257,2,6,2,45,2,5,0,3
,uteq.edu.ec.artisync.service.shared.almacenamiento,AlmacenamientoLocal,26,114,0,2,6,31,0,10,0,9
,uteq.edu.ec.artisync.service.shared.almacenamiento,UrlFotoPerfil,6,4,3,1,1,2,2,1,0,1
,uteq.edu.ec.artisync.controller.comunicacion,BriefingControlador,0,42,0,0,0,8,0,5,0,5
,uteq.edu.ec.artisync.controller.comunicacion,ComentarioPortafolioControlador,0,48,0,0,0,9,0,5,0,5
,uteq.edu.ec.artisync.controller.comunicacion,NotificacionControlador,0,41,0,0,0,8,0,4,0,4
,uteq.edu.ec.artisync.controller.comunicacion,AdminInfraccionControlador,19,0,0,0,3,0,3,0,3,0
,uteq.edu.ec.artisync.controller.comunicacion,SeguidorControlador,0,57,0,2,0,8,0,7,0,6
,uteq.edu.ec.artisync.controller.comunicacion,ChatControlador,0,57,0,2,0,11,0,6,0,5
,uteq.edu.ec.artisync.controller.comunicacion,LikePortafolioControlador,0,32,0,2,0,5,0,4,0,3
,uteq.edu.ec.artisync.controller.comunicacion,AdminComentarioControlador,0,27,0,0,0,5,0,4,0,4
,uteq.edu.ec.artisync.controller.respaldo,RespaldoControlador,0,108,0,0,0,21,0,11,0,11
,uteq.edu.ec.artisync.config,WebSocketConfig,0,69,0,0,0,12,0,4,0,4
,uteq.edu.ec.artisync.config,OpenApiConfig,0,3,0,0,0,1,0,1,0,1
,uteq.edu.ec.artisync.config,PayPalConfig,21,3,2,0,7,1,6,1,5,1
,uteq.edu.ec.artisync.config,WebSocketAuthInterceptor,16,290,5,29,6,71,5,20,0,8
,uteq.edu.ec.artisync.config,IaConfig,0,35,0,0,0,8,0,2,0,2
,uteq.edu.ec.artisync.config,RedisConfig,0,48,0,0,0,15,0,3,0,3
,uteq.edu.ec.artisync.config,SecurityConfig,0,326,0,0,0,44,0,12,0,12
,uteq.edu.ec.artisync.config,TlsMedicionConfig,68,0,0,0,18,0,3,0,3,0
,uteq.edu.ec.artisync.config,RespaldoConfig,0,101,0,0,0,24,0,4,0,4
,uteq.edu.ec.artisync.validation,BirthDateValidator,0,68,0,10,0,17,0,9,0,4
,uteq.edu.ec.artisync.service.seguridad.impl,TwoFactorServiceImpl,30,348,9,19,8,66,9,18,1,12
,uteq.edu.ec.artisync.service.seguridad.impl,PrivacidadServiceImpl,24,405,9,39,8,100,10,28,1,13
,uteq.edu.ec.artisync.service.seguridad.impl,RolePermissionServiceImpl,4,358,5,21,0,86,5,26,0,18
,uteq.edu.ec.artisync.service.seguridad.impl,UserServiceImpl,52,193,2,14,11,36,4,17,3,10
,uteq.edu.ec.artisync.service.seguridad.impl,AuthServiceImpl,43,815,10,36,7,200,11,36,2,22
,uteq.edu.ec.artisync.service.seguridad.impl,AdminUserServiceImpl,19,871,21,71,0,166,22,48,2,22
,uteq.edu.ec.artisync.service.seguridad.impl,PaisServiceImpl,41,172,3,7,6,37,5,12,3,9
,uteq.edu.ec.artisync.service.shared.reporte,TipoColumna,0,45,0,0,0,8,0,1,0,1
,uteq.edu.ec.artisync.service.shared.reporte,FormatoReporte,0,53,0,0,0,12,0,5,0,5
,uteq.edu.ec.artisync.service.shared.reporte,GraficaReporte,0,15,0,0,0,1,0,1,0,1
,uteq.edu.ec.artisync.service.shared.reporte,ColumnaReporte,24,55,0,0,3,6,3,6,3,6
,uteq.edu.ec.artisync.service.shared.reporte,TipoGraficaReporte,0,27,0,0,0,5,0,1,0,1
,uteq.edu.ec.artisync.service.shared.reporte,KpiReporte,0,12,0,0,0,1,0,1,0,1
,uteq.edu.ec.artisync.service.shared.reporte,TotalReporte,0,12,0,0,0,1,0,1,0,1
,uteq.edu.ec.artisync.service.shared.reporte,FormateadorValores,31,54,9,6,3,14,7,6,0,4
,uteq.edu.ec.artisync.service.shared.reporte,DocumentoGenerado,0,12,0,0,0,1,0,1,0,1
,uteq.edu.ec.artisync.service.shared,ContextoSolicitud.Datos,0,15,0,0,0,1,0,1,0,1
,uteq.edu.ec.artisync.service.shared,PreAuth2faTicketService.DatosTicket,0,9,0,0,0,1,0,1,0,1
,uteq.edu.ec.artisync.service.shared,ActorAutenticado,2,29,2,2,1,4,2,2,0,2
,uteq.edu.ec.artisync.service.shared,UsuarioMapper,0,202,0,8,0,47,0,14,0,10
,uteq.edu.ec.artisync.service.shared,ContextoSolicitud,16,16,1,1,6,4,1,2,0,2
,uteq.edu.ec.artisync.service.shared,IntentosAutenticacionService,7,92,2,6,2,23,2,7,0,5
,uteq.edu.ec.artisync.service.shared,EmailService,65,4,0,0,16,1,1,1,1,1
,uteq.edu.ec.artisync.service.shared,SessionRevocationService,4,158,3,13,1,38,3,12,0,7
,uteq.edu.ec.artisync.service.shared,PreAuth2faTicketService,15,163,2,8,5,38,2,9,0,6
,uteq.edu.ec.artisync.service.shared,ActorAutenticado.Actor,0,9,0,0,0,1,0,1,0,1
,uteq.edu.ec.artisync.service.shared,StoredProcedureExceptionTranslator,2,65,1,11,1,18,1,9,0,3
,uteq.edu.ec.artisync.controller.seguridad,UserController,15,96,2,2,2,17,2,8,1,7
,uteq.edu.ec.artisync.controller.seguridad,RolePermissionController,26,30,0,0,4,5,3,4,3,4
,uteq.edu.ec.artisync.controller.seguridad,TwoFactorController,25,0,0,0,3,0,3,0,3,0
,uteq.edu.ec.artisync.controller.seguridad,AdminUserController,61,49,1,1,7,7,7,4,6,4
,uteq.edu.ec.artisync.controller.seguridad,AuthController,0,171,0,16,0,46,0,20,0,12
,uteq.edu.ec.artisync.controller.seguridad,PaisController,18,19,0,0,3,3,3,3,3,3
,uteq.edu.ec.artisync.controller.seguridad,PermissionController,0,35,0,6,0,9,0,6,0,3
,uteq.edu.ec.artisync.exception,ExcepcionReglaNegocio,0,4,0,0,0,2,0,1,0,1
,uteq.edu.ec.artisync.exception,ExcepcionRecursoNoEncontrado,0,4,0,0,0,2,0,1,0,1
,uteq.edu.ec.artisync.exception,ExcepcionServicioIaNoDisponible,0,17,0,0,0,6,0,3,0,3
,uteq.edu.ec.artisync.exception,ExcepcionRecursoDuplicado,0,4,0,0,0,2,0,1,0,1
,uteq.edu.ec.artisync.exception,ExcepcionCuotaExcedida,3,7,0,0,1,3,1,1,1,1
,uteq.edu.ec.artisync.exception,ManejadorGlobalExcepciones,205,61,4,0,42,14,12,5,10,5
,uteq.edu.ec.artisync.dto.peticion.perfil,PeticionCrearPortafolioItem,0,9,0,0,0,1,0,1,0,1
,uteq.edu.ec.artisync.dto.peticion.perfil,PeticionCrearPerfil,0,15,0,0,0,1,0,1,0,1
,uteq.edu.ec.artisync.dto.peticion.perfil,PeticionActualizarPerfil,0,12,0,0,0,1,0,1,0,1
,uteq.edu.ec.artisync.dto.peticion.perfil,PeticionCrearPortafolio,0,12,0,0,0,1,0,1,0,1
,uteq.edu.ec.artisync.dto.peticion.perfil,PeticionCrearCertificadoIa,0,15,0,0,0,1,0,1,0,1
,uteq.edu.ec.artisync.dto.peticion.perfil,PeticionActualizarPortafolio,0,9,0,0,0,1,0,1,0,1
,uteq.edu.ec.artisync.dto.peticion.perfil,PeticionDecisionVerificacion,0,9,0,0,0,1,0,1,0,1
,uteq.edu.ec.artisync.service.legal.impl,PagoTicketRevisionServicioImpl,47,297,7,9,16,64,6,11,0,9
,uteq.edu.ec.artisync.service.legal.impl,ContratoServicioImpl,22,698,5,47,3,161,6,42,1,21
,uteq.edu.ec.artisync.service.legal.impl,PagoGarantiaAuditoriaServicioImpl,0,193,0,0,0,52,0,6,0,6
,uteq.edu.ec.artisync.service.legal.impl,ReporteFinancieroServicioImpl,25,365,8,22,4,79,8,16,0,9
,uteq.edu.ec.artisync.service.legal.impl,ReporteContratoServicioImpl,2,283,3,17,0,61,3,13,0,6
,uteq.edu.ec.artisync.service.legal.impl,PlantillaAcuerdoCreadorServicioImpl,0,173,0,0,0,40,0,9,0,9
,uteq.edu.ec.artisync.service.legal.impl,PagoServicioImpl,83,941,17,70,25,208,18,46,2,18
,uteq.edu.ec.artisync.service.legal.impl,SolicitudRetiroServicioImpl,50,526,1,15,9,128,4,22,3,15
,uteq.edu.ec.artisync.service.legal.impl,EntregableServicioImpl,49,483,9,33,2,113,17,22,8,10
,uteq.edu.ec.artisync.service.legal.impl,PlantillaContratoAdminServicioImpl,62,221,6,10,12,57,7,15,2,12
,uteq.edu.ec.artisync.service.legal.impl,PdfGeneracionServicioImpl,10,55,4,0,1,13,3,2,1,2
,uteq.edu.ec.artisync.specification.catalogo,ServicioSpecification,206,9,20,0,32,1,12,1,2,1
,uteq.edu.ec.artisync.dto.respuesta.legal,RespuestaReporteComisiones,0,33,0,0,0,1,0,1,0,1
,uteq.edu.ec.artisync.dto.respuesta.legal,FilaReporteContrato,0,33,0,0,0,1,0,1,0,1
,uteq.edu.ec.artisync.dto.respuesta.legal,DetalleComision,0,21,0,0,0,1,0,1,0,1
,uteq.edu.ec.artisync.dto.respuesta.legal,RespuestaSolicitudRetiro,0,39,0,0,0,1,0,1,0,1
,uteq.edu.ec.artisync.dto.respuesta.legal,RespuestaSaldoCreador,0,15,0,0,0,1,0,1,0,1
,uteq.edu.ec.artisync.dto.respuesta.legal,RespuestaResumenEscrow,0,12,0,0,0,1,0,1,0,1
,uteq.edu.ec.artisync.dto.respuesta.legal,RespuestaTransaccionPago,0,15,0,0,0,1,0,1,0,1
,uteq.edu.ec.artisync.dto.respuesta.legal,RespuestaPagoGarantiaDetalle,0,45,0,0,0,1,0,1,0,1
,uteq.edu.ec.artisync.dto.respuesta.legal,RespuestaPagoGarantia,0,39,0,0,0,1,0,1,0,1
,uteq.edu.ec.artisync.service.shared.ia,GeminiIaService,456,281,13,11,76,51,24,7,12,7
,uteq.edu.ec.artisync.service.shared.ia,AbstractIaService,60,182,13,31,15,40,12,19,0,9
,uteq.edu.ec.artisync.service.shared.ia,MockIaService,63,51,4,0,13,22,6,4,4,4
,uteq.edu.ec.artisync.service.shared.ia,NvidiaIaService,404,376,13,13,67,70,22,10,10,9
,uteq.edu.ec.artisync.scheduler,RespaldoEjecutorServicio,104,0,2,0,28,0,5,0,4,0
,uteq.edu.ec.artisync.scheduler,TicketRevisionExpiracionScheduler,0,66,0,4,0,15,0,4,0,2
,uteq.edu.ec.artisync.scheduler,RespaldoProgramacionScheduler,43,13,3,1,9,5,2,2,0,2
,uteq.edu.ec.artisync.scheduler,SorteoEjecutorServicio,128,4,14,0,26,1,9,1,2,1
,uteq.edu.ec.artisync.scheduler,ReconciliacionPayPalScheduler,0,67,0,4,0,16,0,4,0,2
,uteq.edu.ec.artisync.scheduler,ReconciliacionPayPalEjecutorServicio,30,187,3,9,11,43,3,8,0,4
,uteq.edu.ec.artisync.scheduler,ContratoIntegridadScheduler,0,56,0,4,0,14,0,4,0,2
,uteq.edu.ec.artisync.scheduler,ContratoIntegridadEjecutorServicio,13,4,2,0,4,1,2,1,1,1
,uteq.edu.ec.artisync.scheduler,RespaldoTrabajoAsincronoServicio,110,4,8,0,23,1,6,1,2,1
,uteq.edu.ec.artisync.scheduler,VerificacionScheduler,0,63,0,4,0,15,0,4,0,2
,uteq.edu.ec.artisync.scheduler,VerificacionExpiracionServicio,14,0,0,0,4,0,1,0,1,0
,uteq.edu.ec.artisync.scheduler,SorteoScheduler,43,14,3,1,9,5,2,2,0,2
,uteq.edu.ec.artisync.scheduler,RespaldoRetencionScheduler,101,4,14,0,20,1,10,1,3,1
,uteq.edu.ec.artisync.scheduler,SeguridadPurgaScheduler,0,33,0,0,0,8,0,2,0,2
,uteq.edu.ec.artisync.scheduler,TicketRevisionExpiracionServicio,0,81,2,4,0,18,2,4,0,3
,uteq.edu.ec.artisync.scheduler,NotificacionesPurgaScheduler,0,40,0,0,0,9,0,2,0,2
,uteq.edu.ec.artisync.entity.respaldo,TipoRespaldo,0,15,0,0,0,3,0,1,0,1
,uteq.edu.ec.artisync.entity.respaldo,EstadoRespaldo,0,21,0,0,0,4,0,1,0,1
,uteq.edu.ec.artisync.entity.respaldo,OrigenRespaldo,0,15,0,0,0,3,0,1,0,1
,uteq.edu.ec.artisync.controller.legal,PlantillaContratoAdminControlador,26,0,0,0,4,0,4,0,4,0
,uteq.edu.ec.artisync.controller.legal,ReporteContratoControlador,10,31,2,2,1,5,2,3,0,3
,uteq.edu.ec.artisync.controller.legal,PagoControlador,0,41,0,4,0,6,0,5,0,3
,uteq.edu.ec.artisync.controller.legal,EntregableControlador,0,73,0,0,0,15,0,6,0,6
,uteq.edu.ec.artisync.controller.legal,SolicitudRetiroControlador,0,22,0,0,0,3,0,3,0,3
,uteq.edu.ec.artisync.controller.legal,ReporteFinancieroControlador,10,29,2,2,1,5,2,3,0,3
,uteq.edu.ec.artisync.controller.legal,PayPalWebhookControlador,17,4,0,0,3,1,1,1,1,1
,uteq.edu.ec.artisync.controller.legal,ContratoControlador,0,73,0,0,0,12,0,6,0,6
,uteq.edu.ec.artisync.controller.legal,PlantillaContratoControlador,7,0,0,0,1,0,1,0,1,0
,uteq.edu.ec.artisync.controller.legal,SolicitudRetiroAdminControlador,0,33,0,0,0,5,0,4,0,4
,uteq.edu.ec.artisync.controller.legal,PagoGarantiaAuditoriaControlador,18,0,0,0,3,0,3,0,3,0
,uteq.edu.ec.artisync.controller.legal,PlantillaAcuerdoCreadorControlador,0,34,0,0,0,5,0,4,0,4
,uteq.edu.ec.artisync.controller.legal,ContratoIntegridadControlador,0,6,0,0,0,1,0,1,0,1
,uteq.edu.ec.artisync.service.comunicacion.impl,BriefingServiceImpl,69,334,9,9,9,91,12,18,5,16
,uteq.edu.ec.artisync.service.comunicacion.impl,InfraccionServiceImpl,15,198,2,4,2,41,3,10,1,9
,uteq.edu.ec.artisync.service.comunicacion.impl,ComentarioPortafolioServiceImpl,6,262,4,24,0,60,5,24,1,14
,uteq.edu.ec.artisync.service.comunicacion.impl,NotificacionServiceImpl,61,110,0,0,13,29,6,5,6,5
,uteq.edu.ec.artisync.service.comunicacion.impl,LikePortafolioServiceImpl,0,128,0,6,0,29,0,12,0,9
,uteq.edu.ec.artisync.service.comunicacion.impl,MensajeFilterServiceImpl,2,52,2,14,1,13,2,10,0,4
,uteq.edu.ec.artisync.service.comunicacion.impl,SeguidorServicioImpl,6,283,0,18,0,70,1,20,1,11
,uteq.edu.ec.artisync.service.comunicacion.impl,ChatServiceImpl,20,340,1,13,0,82,4,18,3,12
,uteq.edu.ec.artisync.specification.auditoria,EventoAuditoriaSpecification,125,10,26,0,20,1,15,1,2,1
,uteq.edu.ec.artisync.service.shared.reporte.impl,GeneradorXlsx,424,609,39,25,98,128,28,19,2,11
,uteq.edu.ec.artisync.service.shared.reporte.impl,GeneradorPdf.TotalConTexto,0,9,0,0,0,1,0,1,0,1
,uteq.edu.ec.artisync.service.shared.reporte.impl,GeneradorPdf.GraficaConDataUri,12,0,0,0,1,0,1,0,1,0
,uteq.edu.ec.artisync.service.shared.reporte.impl,GeneradorCsv,0,101,0,10,0,20,0,8,0,3
,uteq.edu.ec.artisync.service.shared.reporte.impl,ServicioExportacionImpl,2,174,1,11,1,32,1,9,0,4
,uteq.edu.ec.artisync.service.shared.reporte.impl,GeneradorGraficaReporte,41,968,9,22,8,160,9,20,0,11
,uteq.edu.ec.artisync.service.shared.reporte.impl,GeneradorPdf,32,185,4,4,6,37,4,7,2,5
,uteq.edu.ec.artisync.entity.perfil,TipoDocumentoVerificacion,0,15,0,0,0,3,0,1,0,1
,uteq.edu.ec.artisync.controller.catalogo,CategoriaControlador,23,66,0,6,4,9,4,10,4,7
,uteq.edu.ec.artisync.controller.catalogo,ServicioControlador,62,73,2,0,13,13,3,9,2,9
,uteq.edu.ec.artisync.controller.catalogo,CatalogoControlador,14,0,0,0,1,0,1,0,1,0
,uteq.edu.ec.artisync.controller.catalogo,CreadorServicioControlador,7,0,0,0,1,0,1,0,1,0
,uteq.edu.ec.artisync.controller.catalogo,ServicioModeracionControlador,15,0,0,0,2,0,2,0,2,0
,uteq.edu.ec.artisync.controller.catalogo,SubcategoriaControlador,0,65,1,5,0,9,1,9,0,7
,uteq.edu.ec.artisync.controller.catalogo,EtiquetaControlador,0,29,0,0,0,5,0,4,0,4
,uteq.edu.ec.artisync.service.respaldo,ArchivoRespaldo,0,12,0,0,0,1,0,1,0,1
,uteq.edu.ec.artisync,ArtisyncApplication,5,7,0,0,2,2,1,2,1,2
,uteq.edu.ec.artisync.dto.respuesta.comun,RespuestaMensaje,0,12,0,0,0,3,0,3,0,3
,uteq.edu.ec.artisync.dto.respuesta.comun,RespuestaUrl,6,0,0,0,1,0,1,0,1,0
,uteq.edu.ec.artisync.service.shared.paypal,PayPalClient,127,13,8,0,25,3,9,1,5,1
,uteq.edu.ec.artisync.service.pedido.impl,PedidoServicioImpl,88,1486,15,81,8,352,22,79,8,45
,uteq.edu.ec.artisync.service.pedido.impl,FlujoTrabajoServicioImpl,56,614,5,43,9,135,11,35,6,16
,uteq.edu.ec.artisync.service.pedido.impl,TicketRevisionServicioImpl,6,269,4,18,0,58,3,19,0,11
,uteq.edu.ec.artisync.specification.respaldo,RespaldoSpecification,75,3,10,0,12,1,6,1,1,1
,uteq.edu.ec.artisync.dto.respuesta.perfil,RespuestaCertificadoIa,0,24,0,0,0,1,0,1,0,1
,uteq.edu.ec.artisync.dto.respuesta.perfil,RespuestaEstadoIdentidad,0,9,0,0,0,1,0,1,0,1
,uteq.edu.ec.artisync.dto.respuesta.perfil,RespuestaVerificacion,0,42,0,0,0,1,0,1,0,1
,uteq.edu.ec.artisync.dto.respuesta.perfil,RespuestaPerfil,0,30,0,0,0,1,0,1,0,1
,uteq.edu.ec.artisync.dto.respuesta.perfil,RespuestaPortafolio,0,21,0,0,0,1,0,1,0,1
,uteq.edu.ec.artisync.dto.respuesta.perfil,RespuestaPortafolioItem,0,21,0,0,0,1,0,1,0,1
,uteq.edu.ec.artisync.dto.respuesta.perfil,RespuestaDatosPago,0,9,0,0,0,1,0,1,0,1
,uteq.edu.ec.artisync.dto.respuesta.perfil,RespuestaColaVerificacion,0,27,0,0,0,1,0,1,0,1
,uteq.edu.ec.artisync.service.legal,IEntregableServicio.ArchivoDescargado,0,12,0,0,0,1,0,1,0,1
,uteq.edu.ec.artisync.service.perfil.impl,DatosPagoServicioImpl,67,0,0,0,14,0,6,0,6,0
,uteq.edu.ec.artisync.service.perfil.impl,PerfilCreadorServicioImpl,21,284,7,27,3,62,9,23,2,13
,uteq.edu.ec.artisync.service.perfil.impl,PortafolioServicioImpl,9,321,0,28,4,64,0,30,0,16
,uteq.edu.ec.artisync.service.perfil.impl,VerificacionServicioImpl,69,494,8,26,11,117,8,29,0,20
,uteq.edu.ec.artisync.service.perfil.impl,CertificadoIaServicioImpl,3,154,3,5,0,34,3,10,0,9
,uteq.edu.ec.artisync.service.perfil.impl,PortafolioItemServicioImpl,17,329,5,17,1,86,7,20,2,14
,uteq.edu.ec.artisync.util,PagedResponse,3,0,0,0,1,0,1,0,1,0
,uteq.edu.ec.artisync.util,CsvUtil,0,36,3,9,0,7,3,4,0,1
,uteq.edu.ec.artisync.util,PagedResponseBuilder,3,74,0,0,1,28,1,3,1,3
,uteq.edu.ec.artisync.util,ValidadorPertenenciaPedido,0,47,1,9,0,10,1,6,0,2
,uteq.edu.ec.artisync.util,RespuestaDocumento,0,22,0,0,0,5,0,1,0,1
,uteq.edu.ec.artisync.service.social.impl,ResenaServiceImpl,16,245,0,12,0,55,3,16,3,10
,uteq.edu.ec.artisync.service.social.impl,SorteoServiceImpl,22,808,9,71,3,183,9,59,0,28
,uteq.edu.ec.artisync.service.perfil,IPortafolioItemServicio.ArchivoItem,0,12,0,0,0,1,0,1,0,1
,uteq.edu.ec.artisync.service.auditoria.impl,AuditoriaServicioImpl,2,474,3,21,0,122,3,24,0,15
,uteq.edu.ec.artisync.repository.legal,ContratoRepositoryImpl,334,0,14,0,51,0,10,0,3,0
